25-Dec-2022 21:30:47.061 INFO [main] org.apache.catalina.core.ApplicationContext.log No Spring WebApplicationInitializer types detected on classpath
25-Dec-2022 21:30:47.084 INFO [main] org.apache.catalina.core.ApplicationContext.log Initializing Spring root WebApplicationContext
25-Dec-2022 21:30:48.925 INFO [main] org.apache.catalina.core.ApplicationContext.log Initializing Spring DispatcherServlet 'dispatcher'
25-Dec-2022 21:30:52.591 INFO [main] org.apache.catalina.core.ApplicationContext.log No Spring WebApplicationInitializer types detected on classpath
25-Dec-2022 21:30:52.611 INFO [main] org.apache.catalina.core.ApplicationContext.log Initializing Spring root WebApplicationContext
25-Dec-2022 21:30:54.339 INFO [main] org.apache.catalina.core.ApplicationContext.log Initializing Spring DispatcherServlet 'dispatcher'
25-Dec-2022 21:33:00.204 INFO [Thread-1] org.apache.catalina.core.ApplicationContext.log Destroying Spring FrameworkServlet 'dispatcher'
25-Dec-2022 21:33:00.209 INFO [Thread-1] org.apache.catalina.core.ApplicationContext.log Closing Spring root WebApplicationContext
25-Dec-2022 21:33:00.223 INFO [Thread-1] org.apache.catalina.core.ApplicationContext.log Destroying Spring FrameworkServlet 'dispatcher'
25-Dec-2022 21:33:00.224 INFO [Thread-1] org.apache.catalina.core.ApplicationContext.log Closing Spring root WebApplicationContext
25-Dec-2022 21:33:07.894 INFO [main] org.apache.catalina.core.ApplicationContext.log No Spring WebApplicationInitializer types detected on classpath
25-Dec-2022 21:33:07.926 INFO [main] org.apache.catalina.core.ApplicationContext.log Initializing Spring root WebApplicationContext
25-Dec-2022 21:33:09.784 INFO [main] org.apache.catalina.core.ApplicationContext.log Initializing Spring DispatcherServlet 'dispatcher'
25-Dec-2022 21:33:13.429 INFO [main] org.apache.catalina.core.ApplicationContext.log No Spring WebApplicationInitializer types detected on classpath
25-Dec-2022 21:33:13.450 INFO [main] org.apache.catalina.core.ApplicationContext.log Initializing Spring root WebApplicationContext
25-Dec-2022 21:33:15.279 INFO [main] org.apache.catalina.core.ApplicationContext.log Initializing Spring DispatcherServlet 'dispatcher'
25-Dec-2022 21:34:16.408 INFO [Thread-1] org.apache.catalina.core.ApplicationContext.log Destroying Spring FrameworkServlet 'dispatcher'
25-Dec-2022 21:34:16.412 INFO [Thread-1] org.apache.catalina.core.ApplicationContext.log Closing Spring root WebApplicationContext
25-Dec-2022 21:34:16.426 INFO [Thread-1] org.apache.catalina.core.ApplicationContext.log Destroying Spring FrameworkServlet 'dispatcher'
25-Dec-2022 21:34:16.426 INFO [Thread-1] org.apache.catalina.core.ApplicationContext.log Closing Spring root WebApplicationContext
25-Dec-2022 21:34:26.206 INFO [main] org.apache.catalina.core.ApplicationContext.log No Spring WebApplicationInitializer types detected on classpath
25-Dec-2022 21:34:26.212 INFO [main] org.apache.catalina.core.ApplicationContext.log Initializing Spring root WebApplicationContext
25-Dec-2022 21:34:26.533 INFO [main] org.apache.catalina.core.ApplicationContext.log Initializing Spring DispatcherServlet 'dispatcher'
25-Dec-2022 21:34:27.120 INFO [main] org.apache.catalina.core.ApplicationContext.log No Spring WebApplicationInitializer types detected on classpath
25-Dec-2022 21:34:27.123 INFO [main] org.apache.catalina.core.ApplicationContext.log Initializing Spring root WebApplicationContext
25-Dec-2022 21:34:27.371 INFO [main] org.apache.catalina.core.ApplicationContext.log Initializing Spring DispatcherServlet 'dispatcher'
25-Dec-2022 21:34:27.598 INFO [main] org.apache.catalina.core.ApplicationContext.log ContextListener: contextInitialized()
25-Dec-2022 21:34:27.598 INFO [main] org.apache.catalina.core.ApplicationContext.log SessionListener: contextInitialized()
25-Dec-2022 21:34:27.598 INFO [main] org.apache.catalina.core.ApplicationContext.log ContextListener: attributeAdded('StockTicker', 'async.Stockticker@296a6a10')
25-Dec-2022 21:35:19.111 INFO [main] org.apache.catalina.core.ApplicationContext.log No Spring WebApplicationInitializer types detected on classpath
25-Dec-2022 21:35:19.135 INFO [main] org.apache.catalina.core.ApplicationContext.log Initializing Spring root WebApplicationContext
25-Dec-2022 21:35:20.982 INFO [main] org.apache.catalina.core.ApplicationContext.log Initializing Spring DispatcherServlet 'dispatcher'
25-Dec-2022 21:35:24.656 INFO [main] org.apache.catalina.core.ApplicationContext.log No Spring WebApplicationInitializer types detected on classpath
25-Dec-2022 21:35:24.676 INFO [main] org.apache.catalina.core.ApplicationContext.log Initializing Spring root WebApplicationContext
25-Dec-2022 21:35:26.386 INFO [main] org.apache.catalina.core.ApplicationContext.log Initializing Spring DispatcherServlet 'dispatcher'
25-Dec-2022 21:51:57.831 INFO [Thread-1] org.apache.catalina.core.ApplicationContext.log Destroying Spring FrameworkServlet 'dispatcher'
25-Dec-2022 21:51:57.836 INFO [Thread-1] org.apache.catalina.core.ApplicationContext.log Closing Spring root WebApplicationContext
25-Dec-2022 21:51:57.849 INFO [Thread-1] org.apache.catalina.core.ApplicationContext.log Destroying Spring FrameworkServlet 'dispatcher'
25-Dec-2022 21:51:57.850 INFO [Thread-1] org.apache.catalina.core.ApplicationContext.log Closing Spring root WebApplicationContext
