16-Dec-2022 17:45:58.321 INFO [main] org.apache.catalina.startup.VersionLoggerListener.log 서버 버전 이름:    Apache Tomcat/9.0.70
16-Dec-2022 17:45:58.322 INFO [main] org.apache.catalina.startup.VersionLoggerListener.log Server 빌드 시각:  Dec 1 2022 14:05:47 UTC
16-Dec-2022 17:45:58.323 INFO [main] org.apache.catalina.startup.VersionLoggerListener.log Server 버전 번호:  9.0.70.0
16-Dec-2022 17:45:58.323 INFO [main] org.apache.catalina.startup.VersionLoggerListener.log 운영체제 이름:     Mac OS X
16-Dec-2022 17:45:58.323 INFO [main] org.apache.catalina.startup.VersionLoggerListener.log 운영체제 버전:     13.1
16-Dec-2022 17:45:58.323 INFO [main] org.apache.catalina.startup.VersionLoggerListener.log 아키텍처:          aarch64
16-Dec-2022 17:45:58.323 INFO [main] org.apache.catalina.startup.VersionLoggerListener.log 자바 홈:           /Library/Java/JavaVirtualMachines/jdk-11.0.16.1.jdk/Contents/Home
16-Dec-2022 17:45:58.323 INFO [main] org.apache.catalina.startup.VersionLoggerListener.log JVM 버전:          11.0.16.1+1-LTS-1
16-Dec-2022 17:45:58.323 INFO [main] org.apache.catalina.startup.VersionLoggerListener.log JVM 벤더:          Oracle Corporation
16-Dec-2022 17:45:58.323 INFO [main] org.apache.catalina.startup.VersionLoggerListener.log CATALINA_BASE:     /Users/kimchanghee/inform-parking/InformParkApacheTomcat9.0.70
16-Dec-2022 17:45:58.323 INFO [main] org.apache.catalina.startup.VersionLoggerListener.log CATALINA_HOME:     /Users/kimchanghee/inform-parking/InformParkApacheTomcat9.0.70
16-Dec-2022 17:45:58.331 INFO [main] org.apache.catalina.startup.VersionLoggerListener.log 명령 행 아규먼트:  --add-opens=java.base/java.lang=ALL-UNNAMED
16-Dec-2022 17:45:58.331 INFO [main] org.apache.catalina.startup.VersionLoggerListener.log 명령 행 아규먼트:  --add-opens=java.base/java.io=ALL-UNNAMED
16-Dec-2022 17:45:58.331 INFO [main] org.apache.catalina.startup.VersionLoggerListener.log 명령 행 아규먼트:  --add-opens=java.base/java.util=ALL-UNNAMED
16-Dec-2022 17:45:58.331 INFO [main] org.apache.catalina.startup.VersionLoggerListener.log 명령 행 아규먼트:  --add-opens=java.base/java.util.concurrent=ALL-UNNAMED
16-Dec-2022 17:45:58.331 INFO [main] org.apache.catalina.startup.VersionLoggerListener.log 명령 행 아규먼트:  --add-opens=java.rmi/sun.rmi.transport=ALL-UNNAMED
16-Dec-2022 17:45:58.331 INFO [main] org.apache.catalina.startup.VersionLoggerListener.log 명령 행 아규먼트:  -Djava.util.logging.config.file=/Users/kimchanghee/inform-parking/InformParkApacheTomcat9.0.70/conf/logging.properties
16-Dec-2022 17:45:58.331 INFO [main] org.apache.catalina.startup.VersionLoggerListener.log 명령 행 아규먼트:  -Djava.util.logging.manager=org.apache.juli.ClassLoaderLogManager
16-Dec-2022 17:45:58.331 INFO [main] org.apache.catalina.startup.VersionLoggerListener.log 명령 행 아규먼트:  -Djdk.tls.ephemeralDHKeySize=2048
16-Dec-2022 17:45:58.331 INFO [main] org.apache.catalina.startup.VersionLoggerListener.log 명령 행 아규먼트:  -Djava.protocol.handler.pkgs=org.apache.catalina.webresources
16-Dec-2022 17:45:58.331 INFO [main] org.apache.catalina.startup.VersionLoggerListener.log 명령 행 아규먼트:  -Dorg.apache.catalina.security.SecurityListener.UMASK=0027
16-Dec-2022 17:45:58.332 INFO [main] org.apache.catalina.startup.VersionLoggerListener.log 명령 행 아규먼트:  -Dignore.endorsed.dirs=
16-Dec-2022 17:45:58.332 INFO [main] org.apache.catalina.startup.VersionLoggerListener.log 명령 행 아규먼트:  -Dcatalina.base=/Users/kimchanghee/inform-parking/InformParkApacheTomcat9.0.70
16-Dec-2022 17:45:58.332 INFO [main] org.apache.catalina.startup.VersionLoggerListener.log 명령 행 아규먼트:  -Dcatalina.home=/Users/kimchanghee/inform-parking/InformParkApacheTomcat9.0.70
16-Dec-2022 17:45:58.332 INFO [main] org.apache.catalina.startup.VersionLoggerListener.log 명령 행 아규먼트:  -Djava.io.tmpdir=/Users/kimchanghee/inform-parking/InformParkApacheTomcat9.0.70/temp
16-Dec-2022 17:45:58.336 INFO [main] org.apache.catalina.core.AprLifecycleListener.lifecycleEvent 프로덕션 환경들에서 최적의 성능을 제공하는, APR 기반 Apache Tomcat Native 라이브러리가, 다음 java.library.path에서 발견되지 않습니다: [/Users/kimchanghee/Library/Java/Extensions:/Library/Java/Extensions:/Network/Library/Java/Extensions:/System/Library/Java/Extensions:/usr/lib/java:.]
16-Dec-2022 17:45:58.469 INFO [main] org.apache.coyote.AbstractProtocol.init 프로토콜 핸들러 ["http-nio-8080"]을(를) 초기화합니다.
16-Dec-2022 17:45:58.482 INFO [main] org.apache.catalina.startup.Catalina.load [261] 밀리초 내에 서버가 초기화되었습니다.
16-Dec-2022 17:45:58.505 INFO [main] org.apache.catalina.core.StandardService.startInternal 서비스 [Catalina]을(를) 시작합니다.
16-Dec-2022 17:45:58.505 INFO [main] org.apache.catalina.core.StandardEngine.startInternal 서버 엔진을 시작합니다: [Apache Tomcat/9.0.70]
16-Dec-2022 17:45:58.508 INFO [main] org.apache.catalina.startup.HostConfig.deployDirectory 웹 애플리케이션 디렉토리 [/Users/kimchanghee/inform-parking/InformParkApacheTomcat9.0.70/webapps/docs]을(를) 배치합니다.
16-Dec-2022 17:45:58.621 INFO [main] org.apache.catalina.startup.HostConfig.deployDirectory 웹 애플리케이션 디렉토리 [/Users/kimchanghee/inform-parking/InformParkApacheTomcat9.0.70/webapps/docs]에 대한 배치가 [113] 밀리초에 완료되었습니다.
16-Dec-2022 17:45:58.621 INFO [main] org.apache.catalina.startup.HostConfig.deployDirectory 웹 애플리케이션 디렉토리 [/Users/kimchanghee/inform-parking/InformParkApacheTomcat9.0.70/webapps/manager]을(를) 배치합니다.
16-Dec-2022 17:45:58.644 INFO [main] org.apache.catalina.startup.HostConfig.deployDirectory 웹 애플리케이션 디렉토리 [/Users/kimchanghee/inform-parking/InformParkApacheTomcat9.0.70/webapps/manager]에 대한 배치가 [23] 밀리초에 완료되었습니다.
16-Dec-2022 17:45:58.644 INFO [main] org.apache.catalina.startup.HostConfig.deployDirectory 웹 애플리케이션 디렉토리 [/Users/kimchanghee/inform-parking/InformParkApacheTomcat9.0.70/webapps/examples]을(를) 배치합니다.
16-Dec-2022 17:45:58.732 INFO [main] org.apache.catalina.startup.HostConfig.deployDirectory 웹 애플리케이션 디렉토리 [/Users/kimchanghee/inform-parking/InformParkApacheTomcat9.0.70/webapps/examples]에 대한 배치가 [88] 밀리초에 완료되었습니다.
16-Dec-2022 17:45:58.732 INFO [main] org.apache.catalina.startup.HostConfig.deployDirectory 웹 애플리케이션 디렉토리 [/Users/kimchanghee/inform-parking/InformParkApacheTomcat9.0.70/webapps/ROOT]을(를) 배치합니다.
16-Dec-2022 17:45:58.741 INFO [main] org.apache.catalina.startup.HostConfig.deployDirectory 웹 애플리케이션 디렉토리 [/Users/kimchanghee/inform-parking/InformParkApacheTomcat9.0.70/webapps/ROOT]에 대한 배치가 [8] 밀리초에 완료되었습니다.
16-Dec-2022 17:45:58.741 INFO [main] org.apache.catalina.startup.HostConfig.deployDirectory 웹 애플리케이션 디렉토리 [/Users/kimchanghee/inform-parking/InformParkApacheTomcat9.0.70/webapps/host-manager]을(를) 배치합니다.
16-Dec-2022 17:45:58.747 INFO [main] org.apache.catalina.startup.HostConfig.deployDirectory 웹 애플리케이션 디렉토리 [/Users/kimchanghee/inform-parking/InformParkApacheTomcat9.0.70/webapps/host-manager]에 대한 배치가 [6] 밀리초에 완료되었습니다.
16-Dec-2022 17:45:58.750 INFO [main] org.apache.coyote.AbstractProtocol.start 프로토콜 핸들러 ["http-nio-8080"]을(를) 시작합니다.
16-Dec-2022 17:45:58.754 INFO [main] org.apache.catalina.startup.Catalina.start 서버가 [271] 밀리초 내에 시작되었습니다.
16-Dec-2022 17:46:14.335 INFO [main] org.apache.catalina.core.StandardServer.await 셧다운 포트를 통해 유효한 셧다운 명령을 받았습니다. 서버 인스턴스를 중지시킵니다.
16-Dec-2022 17:46:14.336 INFO [main] org.apache.coyote.AbstractProtocol.pause 프로토콜 핸들러 ["http-nio-8080"]을(를) 일시 정지 중
16-Dec-2022 17:46:14.337 INFO [main] org.apache.catalina.core.StandardService.stopInternal 서비스 [Catalina]을(를) 중지시킵니다.
16-Dec-2022 17:46:14.347 INFO [main] org.apache.coyote.AbstractProtocol.stop 프로토콜 핸들러 ["http-nio-8080"]을(를) 중지시킵니다.
16-Dec-2022 17:46:14.351 INFO [main] org.apache.coyote.AbstractProtocol.destroy 프로토콜 핸들러 ["http-nio-8080"]을(를) 소멸시킵니다.
